WARNING 2020-04-27 21:59:58,766 log 3272 2752 Not Found: /article/article-detail/2123/
WARNING 2020-04-27 21:59:58,798 log 3272 2752 Not Found: /favicon.ico
WARNING 2020-04-27 21:59:58,975 log 3272 2752 Not Found: /article/article-detail/2123/
WARNING 2020-04-27 21:59:59,211 log 3272 2752 Not Found: /article/article-detail/2123/
WARNING 2020-04-27 22:00:05,766 log 3272 2752 Not Found: /article/article-detail/2123/
WARNING 2020-04-27 22:00:07,545 log 3272 2752 Not Found: /article/article-detail/2123/
WARNING 2020-04-27 22:00:07,749 log 3272 2752 Not Found: /article/article-detail/2123/
WARNING 2020-04-27 22:00:07,970 log 3272 2752 Not Found: /article/article-detail/2123/
WARNING 2020-04-27 22:00:08,268 log 3272 2752 Not Found: /article/article-detail/2123/
WARNING 2020-04-27 22:00:08,498 log 3272 2752 Not Found: /article/article-detail/2123/
WARNING 2020-04-27 22:11:03,762 log 11592 6812 Not Found: /article/article-detail/21/
ERROR 2020-04-27 22:52:31,394 log 11948 10112 Internal Server Error: /article/article-list/
Traceback (most recent call last):
  File "D:\Django_blog\py373\lib\site-packages\django\template\defaulttags.py", line 1021, in find_library
    return parser.libraries[name]
KeyError: 'my_filter_and_tags'

During handling of the above exception, another exception occurred:

Traceback (most recent call last):
  File "D:\Django_blog\py373\lib\site-packages\django\core\handlers\exception.py", line 34, in inner
    response = get_response(request)
  File "D:\Django_blog\py373\lib\site-packages\django\core\handlers\base.py", line 115, in _get_response
    response = self.process_exception_by_middleware(e, request)
  File "D:\Django_blog\py373\lib\site-packages\django\core\handlers\base.py", line 113, in _get_response
    response = wrapped_callback(request, *callback_args, **callback_kwargs)
  File "D:\Django_blog\my_blog\article\views.py", line 57, in article_list
    return render(request, 'article/list.html', context)
  File "D:\Django_blog\py373\lib\site-packages\django\shortcuts.py", line 36, in render
    content = loader.render_to_string(template_name, context, request, using=using)
  File "D:\Django_blog\py373\lib\site-packages\django\template\loader.py", line 61, in render_to_string
    template = get_template(template_name, using=using)
  File "D:\Django_blog\py373\lib\site-packages\django\template\loader.py", line 15, in get_template
    return engine.get_template(template_name)
  File "D:\Django_blog\py373\lib\site-packages\django\template\backends\django.py", line 34, in get_template
    return Template(self.engine.get_template(template_name), self)
  File "D:\Django_blog\py373\lib\site-packages\django\template\engine.py", line 143, in get_template
    template, origin = self.find_template(template_name)
  File "D:\Django_blog\py373\lib\site-packages\django\template\engine.py", line 125, in find_template
    template = loader.get_template(name, skip=skip)
  File "D:\Django_blog\py373\lib\site-packages\django\template\loaders\base.py", line 30, in get_template
    contents, origin, origin.template_name, self.engine,
  File "D:\Django_blog\py373\lib\site-packages\django\template\base.py", line 156, in __init__
    self.nodelist = self.compile_nodelist()
  File "D:\Django_blog\py373\lib\site-packages\django\template\base.py", line 194, in compile_nodelist
    return parser.parse()
  File "D:\Django_blog\py373\lib\site-packages\django\template\base.py", line 478, in parse
    raise self.error(token, e)
  File "D:\Django_blog\py373\lib\site-packages\django\template\base.py", line 476, in parse
    compiled_result = compile_func(self, token)
  File "D:\Django_blog\py373\lib\site-packages\django\template\loader_tags.py", line 266, in do_extends
    nodelist = parser.parse()
  File "D:\Django_blog\py373\lib\site-packages\django\template\base.py", line 478, in parse
    raise self.error(token, e)
  File "D:\Django_blog\py373\lib\site-packages\django\template\base.py", line 476, in parse
    compiled_result = compile_func(self, token)
  File "D:\Django_blog\py373\lib\site-packages\django\template\defaulttags.py", line 1078, in load
    lib = find_library(parser, name)
  File "D:\Django_blog\py373\lib\site-packages\django\template\defaulttags.py", line 1025, in find_library
    name, "\n".join(sorted(parser.libraries)),
django.template.exceptions.TemplateSyntaxError: 'my_filter_and_tags' is not a registered tag library. Must be one of:
account
admin_list
admin_modify
admin_static
admin_urls
cache
i18n
l10n
log
mptt_admin
mptt_tags
my_filters_and_tags
notifications_tags
simpletags
socialaccount
static
staticfiles
tz
ERROR 2020-04-27 22:53:07,730 log 11948 10112 Internal Server Error: /article/article-list/
Traceback (most recent call last):
  File "D:\Django_blog\py373\lib\site-packages\django\core\handlers\exception.py", line 34, in inner
    response = get_response(request)
  File "D:\Django_blog\py373\lib\site-packages\django\core\handlers\base.py", line 115, in _get_response
    response = self.process_exception_by_middleware(e, request)
  File "D:\Django_blog\py373\lib\site-packages\django\core\handlers\base.py", line 113, in _get_response
    response = wrapped_callback(request, *callback_args, **callback_kwargs)
  File "D:\Django_blog\my_blog\article\views.py", line 57, in article_list
    return render(request, 'article/list.html', context)
  File "D:\Django_blog\py373\lib\site-packages\django\shortcuts.py", line 36, in render
    content = loader.render_to_string(template_name, context, request, using=using)
  File "D:\Django_blog\py373\lib\site-packages\django\template\loader.py", line 61, in render_to_string
    template = get_template(template_name, using=using)
  File "D:\Django_blog\py373\lib\site-packages\django\template\loader.py", line 15, in get_template
    return engine.get_template(template_name)
  File "D:\Django_blog\py373\lib\site-packages\django\template\backends\django.py", line 34, in get_template
    return Template(self.engine.get_template(template_name), self)
  File "D:\Django_blog\py373\lib\site-packages\django\template\engine.py", line 143, in get_template
    template, origin = self.find_template(template_name)
  File "D:\Django_blog\py373\lib\site-packages\django\template\engine.py", line 125, in find_template
    template = loader.get_template(name, skip=skip)
  File "D:\Django_blog\py373\lib\site-packages\django\template\loaders\base.py", line 30, in get_template
    contents, origin, origin.template_name, self.engine,
  File "D:\Django_blog\py373\lib\site-packages\django\template\base.py", line 156, in __init__
    self.nodelist = self.compile_nodelist()
  File "D:\Django_blog\py373\lib\site-packages\django\template\base.py", line 194, in compile_nodelist
    return parser.parse()
  File "D:\Django_blog\py373\lib\site-packages\django\template\base.py", line 478, in parse
    raise self.error(token, e)
  File "D:\Django_blog\py373\lib\site-packages\django\template\base.py", line 476, in parse
    compiled_result = compile_func(self, token)
  File "D:\Django_blog\py373\lib\site-packages\django\template\loader_tags.py", line 266, in do_extends
    nodelist = parser.parse()
  File "D:\Django_blog\py373\lib\site-packages\django\template\base.py", line 478, in parse
    raise self.error(token, e)
  File "D:\Django_blog\py373\lib\site-packages\django\template\base.py", line 476, in parse
    compiled_result = compile_func(self, token)
  File "D:\Django_blog\py373\lib\site-packages\django\template\loader_tags.py", line 209, in do_block
    nodelist = parser.parse(('endblock',))
  File "D:\Django_blog\py373\lib\site-packages\django\template\base.py", line 478, in parse
    raise self.error(token, e)
  File "D:\Django_blog\py373\lib\site-packages\django\template\base.py", line 476, in parse
    compiled_result = compile_func(self, token)
  File "D:\Django_blog\py373\lib\site-packages\django\template\defaulttags.py", line 811, in do_for
    nodelist_loop = parser.parse(('empty', 'endfor',))
  File "D:\Django_blog\py373\lib\site-packages\django\template\base.py", line 449, in parse
    raise self.error(token, e)
  File "D:\Django_blog\py373\lib\site-packages\django\template\base.py", line 447, in parse
    filter_expression = self.compile_filter(token.contents)
  File "D:\Django_blog\py373\lib\site-packages\django\template\base.py", line 563, in compile_filter
    return FilterExpression(token, self)
  File "D:\Django_blog\py373\lib\site-packages\django\template\base.py", line 657, in __init__
    filter_func = parser.find_filter(filter_name)
  File "D:\Django_blog\py373\lib\site-packages\django\template\base.py", line 569, in find_filter
    raise TemplateSyntaxError("Invalid filter: '%s'" % filter_name)
django.template.exceptions.TemplateSyntaxError: Invalid filter: 'timesice_zh'
ERROR 2020-04-27 22:53:42,776 log 11948 10112 Internal Server Error: /article/article-list/
Traceback (most recent call last):
  File "D:\Django_blog\py373\lib\site-packages\django\core\handlers\exception.py", line 34, in inner
    response = get_response(request)
  File "D:\Django_blog\py373\lib\site-packages\django\core\handlers\base.py", line 115, in _get_response
    response = self.process_exception_by_middleware(e, request)
  File "D:\Django_blog\py373\lib\site-packages\django\core\handlers\base.py", line 113, in _get_response
    response = wrapped_callback(request, *callback_args, **callback_kwargs)
  File "D:\Django_blog\my_blog\article\views.py", line 57, in article_list
    return render(request, 'article/list.html', context)
  File "D:\Django_blog\py373\lib\site-packages\django\shortcuts.py", line 36, in render
    content = loader.render_to_string(template_name, context, request, using=using)
  File "D:\Django_blog\py373\lib\site-packages\django\template\loader.py", line 61, in render_to_string
    template = get_template(template_name, using=using)
  File "D:\Django_blog\py373\lib\site-packages\django\template\loader.py", line 15, in get_template
    return engine.get_template(template_name)
  File "D:\Django_blog\py373\lib\site-packages\django\template\backends\django.py", line 34, in get_template
    return Template(self.engine.get_template(template_name), self)
  File "D:\Django_blog\py373\lib\site-packages\django\template\engine.py", line 143, in get_template
    template, origin = self.find_template(template_name)
  File "D:\Django_blog\py373\lib\site-packages\django\template\engine.py", line 125, in find_template
    template = loader.get_template(name, skip=skip)
  File "D:\Django_blog\py373\lib\site-packages\django\template\loaders\base.py", line 30, in get_template
    contents, origin, origin.template_name, self.engine,
  File "D:\Django_blog\py373\lib\site-packages\django\template\base.py", line 156, in __init__
    self.nodelist = self.compile_nodelist()
  File "D:\Django_blog\py373\lib\site-packages\django\template\base.py", line 194, in compile_nodelist
    return parser.parse()
  File "D:\Django_blog\py373\lib\site-packages\django\template\base.py", line 478, in parse
    raise self.error(token, e)
  File "D:\Django_blog\py373\lib\site-packages\django\template\base.py", line 476, in parse
    compiled_result = compile_func(self, token)
  File "D:\Django_blog\py373\lib\site-packages\django\template\loader_tags.py", line 266, in do_extends
    nodelist = parser.parse()
  File "D:\Django_blog\py373\lib\site-packages\django\template\base.py", line 478, in parse
    raise self.error(token, e)
  File "D:\Django_blog\py373\lib\site-packages\django\template\base.py", line 476, in parse
    compiled_result = compile_func(self, token)
  File "D:\Django_blog\py373\lib\site-packages\django\template\loader_tags.py", line 209, in do_block
    nodelist = parser.parse(('endblock',))
  File "D:\Django_blog\py373\lib\site-packages\django\template\base.py", line 478, in parse
    raise self.error(token, e)
  File "D:\Django_blog\py373\lib\site-packages\django\template\base.py", line 476, in parse
    compiled_result = compile_func(self, token)
  File "D:\Django_blog\py373\lib\site-packages\django\template\defaulttags.py", line 811, in do_for
    nodelist_loop = parser.parse(('empty', 'endfor',))
  File "D:\Django_blog\py373\lib\site-packages\django\template\base.py", line 449, in parse
    raise self.error(token, e)
  File "D:\Django_blog\py373\lib\site-packages\django\template\base.py", line 447, in parse
    filter_expression = self.compile_filter(token.contents)
  File "D:\Django_blog\py373\lib\site-packages\django\template\base.py", line 563, in compile_filter
    return FilterExpression(token, self)
  File "D:\Django_blog\py373\lib\site-packages\django\template\base.py", line 657, in __init__
    filter_func = parser.find_filter(filter_name)
  File "D:\Django_blog\py373\lib\site-packages\django\template\base.py", line 569, in find_filter
    raise TemplateSyntaxError("Invalid filter: '%s'" % filter_name)
django.template.exceptions.TemplateSyntaxError: Invalid filter: 'timesice_zh'
ERROR 2020-04-27 22:53:45,125 log 11948 10112 Internal Server Error: /article/article-list/
Traceback (most recent call last):
  File "D:\Django_blog\py373\lib\site-packages\django\core\handlers\exception.py", line 34, in inner
    response = get_response(request)
  File "D:\Django_blog\py373\lib\site-packages\django\core\handlers\base.py", line 115, in _get_response
    response = self.process_exception_by_middleware(e, request)
  File "D:\Django_blog\py373\lib\site-packages\django\core\handlers\base.py", line 113, in _get_response
    response = wrapped_callback(request, *callback_args, **callback_kwargs)
  File "D:\Django_blog\my_blog\article\views.py", line 57, in article_list
    return render(request, 'article/list.html', context)
  File "D:\Django_blog\py373\lib\site-packages\django\shortcuts.py", line 36, in render
    content = loader.render_to_string(template_name, context, request, using=using)
  File "D:\Django_blog\py373\lib\site-packages\django\template\loader.py", line 61, in render_to_string
    template = get_template(template_name, using=using)
  File "D:\Django_blog\py373\lib\site-packages\django\template\loader.py", line 15, in get_template
    return engine.get_template(template_name)
  File "D:\Django_blog\py373\lib\site-packages\django\template\backends\django.py", line 34, in get_template
    return Template(self.engine.get_template(template_name), self)
  File "D:\Django_blog\py373\lib\site-packages\django\template\engine.py", line 143, in get_template
    template, origin = self.find_template(template_name)
  File "D:\Django_blog\py373\lib\site-packages\django\template\engine.py", line 125, in find_template
    template = loader.get_template(name, skip=skip)
  File "D:\Django_blog\py373\lib\site-packages\django\template\loaders\base.py", line 30, in get_template
    contents, origin, origin.template_name, self.engine,
  File "D:\Django_blog\py373\lib\site-packages\django\template\base.py", line 156, in __init__
    self.nodelist = self.compile_nodelist()
  File "D:\Django_blog\py373\lib\site-packages\django\template\base.py", line 194, in compile_nodelist
    return parser.parse()
  File "D:\Django_blog\py373\lib\site-packages\django\template\base.py", line 478, in parse
    raise self.error(token, e)
  File "D:\Django_blog\py373\lib\site-packages\django\template\base.py", line 476, in parse
    compiled_result = compile_func(self, token)
  File "D:\Django_blog\py373\lib\site-packages\django\template\loader_tags.py", line 266, in do_extends
    nodelist = parser.parse()
  File "D:\Django_blog\py373\lib\site-packages\django\template\base.py", line 478, in parse
    raise self.error(token, e)
  File "D:\Django_blog\py373\lib\site-packages\django\template\base.py", line 476, in parse
    compiled_result = compile_func(self, token)
  File "D:\Django_blog\py373\lib\site-packages\django\template\loader_tags.py", line 209, in do_block
    nodelist = parser.parse(('endblock',))
  File "D:\Django_blog\py373\lib\site-packages\django\template\base.py", line 478, in parse
    raise self.error(token, e)
  File "D:\Django_blog\py373\lib\site-packages\django\template\base.py", line 476, in parse
    compiled_result = compile_func(self, token)
  File "D:\Django_blog\py373\lib\site-packages\django\template\defaulttags.py", line 811, in do_for
    nodelist_loop = parser.parse(('empty', 'endfor',))
  File "D:\Django_blog\py373\lib\site-packages\django\template\base.py", line 449, in parse
    raise self.error(token, e)
  File "D:\Django_blog\py373\lib\site-packages\django\template\base.py", line 447, in parse
    filter_expression = self.compile_filter(token.contents)
  File "D:\Django_blog\py373\lib\site-packages\django\template\base.py", line 563, in compile_filter
    return FilterExpression(token, self)
  File "D:\Django_blog\py373\lib\site-packages\django\template\base.py", line 657, in __init__
    filter_func = parser.find_filter(filter_name)
  File "D:\Django_blog\py373\lib\site-packages\django\template\base.py", line 569, in find_filter
    raise TemplateSyntaxError("Invalid filter: '%s'" % filter_name)
django.template.exceptions.TemplateSyntaxError: Invalid filter: 'timesice_zh'
ERROR 2020-04-27 22:54:07,660 log 11948 10112 Internal Server Error: /article/article-list/
Traceback (most recent call last):
  File "D:\Django_blog\py373\lib\site-packages\django\core\handlers\exception.py", line 34, in inner
    response = get_response(request)
  File "D:\Django_blog\py373\lib\site-packages\django\core\handlers\base.py", line 115, in _get_response
    response = self.process_exception_by_middleware(e, request)
  File "D:\Django_blog\py373\lib\site-packages\django\core\handlers\base.py", line 113, in _get_response
    response = wrapped_callback(request, *callback_args, **callback_kwargs)
  File "D:\Django_blog\my_blog\article\views.py", line 57, in article_list
    return render(request, 'article/list.html', context)
  File "D:\Django_blog\py373\lib\site-packages\django\shortcuts.py", line 36, in render
    content = loader.render_to_string(template_name, context, request, using=using)
  File "D:\Django_blog\py373\lib\site-packages\django\template\loader.py", line 61, in render_to_string
    template = get_template(template_name, using=using)
  File "D:\Django_blog\py373\lib\site-packages\django\template\loader.py", line 15, in get_template
    return engine.get_template(template_name)
  File "D:\Django_blog\py373\lib\site-packages\django\template\backends\django.py", line 34, in get_template
    return Template(self.engine.get_template(template_name), self)
  File "D:\Django_blog\py373\lib\site-packages\django\template\engine.py", line 143, in get_template
    template, origin = self.find_template(template_name)
  File "D:\Django_blog\py373\lib\site-packages\django\template\engine.py", line 125, in find_template
    template = loader.get_template(name, skip=skip)
  File "D:\Django_blog\py373\lib\site-packages\django\template\loaders\base.py", line 30, in get_template
    contents, origin, origin.template_name, self.engine,
  File "D:\Django_blog\py373\lib\site-packages\django\template\base.py", line 156, in __init__
    self.nodelist = self.compile_nodelist()
  File "D:\Django_blog\py373\lib\site-packages\django\template\base.py", line 194, in compile_nodelist
    return parser.parse()
  File "D:\Django_blog\py373\lib\site-packages\django\template\base.py", line 478, in parse
    raise self.error(token, e)
  File "D:\Django_blog\py373\lib\site-packages\django\template\base.py", line 476, in parse
    compiled_result = compile_func(self, token)
  File "D:\Django_blog\py373\lib\site-packages\django\template\loader_tags.py", line 266, in do_extends
    nodelist = parser.parse()
  File "D:\Django_blog\py373\lib\site-packages\django\template\base.py", line 478, in parse
    raise self.error(token, e)
  File "D:\Django_blog\py373\lib\site-packages\django\template\base.py", line 476, in parse
    compiled_result = compile_func(self, token)
  File "D:\Django_blog\py373\lib\site-packages\django\template\loader_tags.py", line 209, in do_block
    nodelist = parser.parse(('endblock',))
  File "D:\Django_blog\py373\lib\site-packages\django\template\base.py", line 478, in parse
    raise self.error(token, e)
  File "D:\Django_blog\py373\lib\site-packages\django\template\base.py", line 476, in parse
    compiled_result = compile_func(self, token)
  File "D:\Django_blog\py373\lib\site-packages\django\template\defaulttags.py", line 811, in do_for
    nodelist_loop = parser.parse(('empty', 'endfor',))
  File "D:\Django_blog\py373\lib\site-packages\django\template\base.py", line 449, in parse
    raise self.error(token, e)
  File "D:\Django_blog\py373\lib\site-packages\django\template\base.py", line 447, in parse
    filter_expression = self.compile_filter(token.contents)
  File "D:\Django_blog\py373\lib\site-packages\django\template\base.py", line 563, in compile_filter
    return FilterExpression(token, self)
  File "D:\Django_blog\py373\lib\site-packages\django\template\base.py", line 657, in __init__
    filter_func = parser.find_filter(filter_name)
  File "D:\Django_blog\py373\lib\site-packages\django\template\base.py", line 569, in find_filter
    raise TemplateSyntaxError("Invalid filter: '%s'" % filter_name)
django.template.exceptions.TemplateSyntaxError: Invalid filter: 'time_sice_zh'
ERROR 2020-04-27 22:55:00,026 log 11948 10112 Internal Server Error: /article/article-list/
Traceback (most recent call last):
  File "D:\Django_blog\py373\lib\site-packages\django\core\handlers\exception.py", line 34, in inner
    response = get_response(request)
  File "D:\Django_blog\py373\lib\site-packages\django\core\handlers\base.py", line 115, in _get_response
    response = self.process_exception_by_middleware(e, request)
  File "D:\Django_blog\py373\lib\site-packages\django\core\handlers\base.py", line 113, in _get_response
    response = wrapped_callback(request, *callback_args, **callback_kwargs)
  File "D:\Django_blog\my_blog\article\views.py", line 57, in article_list
    return render(request, 'article/list.html', context)
  File "D:\Django_blog\py373\lib\site-packages\django\shortcuts.py", line 36, in render
    content = loader.render_to_string(template_name, context, request, using=using)
  File "D:\Django_blog\py373\lib\site-packages\django\template\loader.py", line 61, in render_to_string
    template = get_template(template_name, using=using)
  File "D:\Django_blog\py373\lib\site-packages\django\template\loader.py", line 15, in get_template
    return engine.get_template(template_name)
  File "D:\Django_blog\py373\lib\site-packages\django\template\backends\django.py", line 34, in get_template
    return Template(self.engine.get_template(template_name), self)
  File "D:\Django_blog\py373\lib\site-packages\django\template\engine.py", line 143, in get_template
    template, origin = self.find_template(template_name)
  File "D:\Django_blog\py373\lib\site-packages\django\template\engine.py", line 125, in find_template
    template = loader.get_template(name, skip=skip)
  File "D:\Django_blog\py373\lib\site-packages\django\template\loaders\base.py", line 30, in get_template
    contents, origin, origin.template_name, self.engine,
  File "D:\Django_blog\py373\lib\site-packages\django\template\base.py", line 156, in __init__
    self.nodelist = self.compile_nodelist()
  File "D:\Django_blog\py373\lib\site-packages\django\template\base.py", line 194, in compile_nodelist
    return parser.parse()
  File "D:\Django_blog\py373\lib\site-packages\django\template\base.py", line 478, in parse
    raise self.error(token, e)
  File "D:\Django_blog\py373\lib\site-packages\django\template\base.py", line 476, in parse
    compiled_result = compile_func(self, token)
  File "D:\Django_blog\py373\lib\site-packages\django\template\loader_tags.py", line 266, in do_extends
    nodelist = parser.parse()
  File "D:\Django_blog\py373\lib\site-packages\django\template\base.py", line 478, in parse
    raise self.error(token, e)
  File "D:\Django_blog\py373\lib\site-packages\django\template\base.py", line 476, in parse
    compiled_result = compile_func(self, token)
  File "D:\Django_blog\py373\lib\site-packages\django\template\loader_tags.py", line 209, in do_block
    nodelist = parser.parse(('endblock',))
  File "D:\Django_blog\py373\lib\site-packages\django\template\base.py", line 478, in parse
    raise self.error(token, e)
  File "D:\Django_blog\py373\lib\site-packages\django\template\base.py", line 476, in parse
    compiled_result = compile_func(self, token)
  File "D:\Django_blog\py373\lib\site-packages\django\template\defaulttags.py", line 811, in do_for
    nodelist_loop = parser.parse(('empty', 'endfor',))
  File "D:\Django_blog\py373\lib\site-packages\django\template\base.py", line 449, in parse
    raise self.error(token, e)
  File "D:\Django_blog\py373\lib\site-packages\django\template\base.py", line 447, in parse
    filter_expression = self.compile_filter(token.contents)
  File "D:\Django_blog\py373\lib\site-packages\django\template\base.py", line 563, in compile_filter
    return FilterExpression(token, self)
  File "D:\Django_blog\py373\lib\site-packages\django\template\base.py", line 657, in __init__
    filter_func = parser.find_filter(filter_name)
  File "D:\Django_blog\py373\lib\site-packages\django\template\base.py", line 569, in find_filter
    raise TemplateSyntaxError("Invalid filter: '%s'" % filter_name)
django.template.exceptions.TemplateSyntaxError: Invalid filter: 'time_since_zh'
ERROR 2020-04-27 22:55:18,758 log 11948 10112 Internal Server Error: /article/article-list/
Traceback (most recent call last):
  File "D:\Django_blog\py373\lib\site-packages\django\core\handlers\exception.py", line 34, in inner
    response = get_response(request)
  File "D:\Django_blog\py373\lib\site-packages\django\core\handlers\base.py", line 115, in _get_response
    response = self.process_exception_by_middleware(e, request)
  File "D:\Django_blog\py373\lib\site-packages\django\core\handlers\base.py", line 113, in _get_response
    response = wrapped_callback(request, *callback_args, **callback_kwargs)
  File "D:\Django_blog\my_blog\article\views.py", line 57, in article_list
    return render(request, 'article/list.html', context)
  File "D:\Django_blog\py373\lib\site-packages\django\shortcuts.py", line 36, in render
    content = loader.render_to_string(template_name, context, request, using=using)
  File "D:\Django_blog\py373\lib\site-packages\django\template\loader.py", line 61, in render_to_string
    template = get_template(template_name, using=using)
  File "D:\Django_blog\py373\lib\site-packages\django\template\loader.py", line 15, in get_template
    return engine.get_template(template_name)
  File "D:\Django_blog\py373\lib\site-packages\django\template\backends\django.py", line 34, in get_template
    return Template(self.engine.get_template(template_name), self)
  File "D:\Django_blog\py373\lib\site-packages\django\template\engine.py", line 143, in get_template
    template, origin = self.find_template(template_name)
  File "D:\Django_blog\py373\lib\site-packages\django\template\engine.py", line 125, in find_template
    template = loader.get_template(name, skip=skip)
  File "D:\Django_blog\py373\lib\site-packages\django\template\loaders\base.py", line 30, in get_template
    contents, origin, origin.template_name, self.engine,
  File "D:\Django_blog\py373\lib\site-packages\django\template\base.py", line 156, in __init__
    self.nodelist = self.compile_nodelist()
  File "D:\Django_blog\py373\lib\site-packages\django\template\base.py", line 194, in compile_nodelist
    return parser.parse()
  File "D:\Django_blog\py373\lib\site-packages\django\template\base.py", line 478, in parse
    raise self.error(token, e)
  File "D:\Django_blog\py373\lib\site-packages\django\template\base.py", line 476, in parse
    compiled_result = compile_func(self, token)
  File "D:\Django_blog\py373\lib\site-packages\django\template\loader_tags.py", line 266, in do_extends
    nodelist = parser.parse()
  File "D:\Django_blog\py373\lib\site-packages\django\template\base.py", line 478, in parse
    raise self.error(token, e)
  File "D:\Django_blog\py373\lib\site-packages\django\template\base.py", line 476, in parse
    compiled_result = compile_func(self, token)
  File "D:\Django_blog\py373\lib\site-packages\django\template\loader_tags.py", line 209, in do_block
    nodelist = parser.parse(('endblock',))
  File "D:\Django_blog\py373\lib\site-packages\django\template\base.py", line 478, in parse
    raise self.error(token, e)
  File "D:\Django_blog\py373\lib\site-packages\django\template\base.py", line 476, in parse
    compiled_result = compile_func(self, token)
  File "D:\Django_blog\py373\lib\site-packages\django\template\defaulttags.py", line 811, in do_for
    nodelist_loop = parser.parse(('empty', 'endfor',))
  File "D:\Django_blog\py373\lib\site-packages\django\template\base.py", line 449, in parse
    raise self.error(token, e)
  File "D:\Django_blog\py373\lib\site-packages\django\template\base.py", line 447, in parse
    filter_expression = self.compile_filter(token.contents)
  File "D:\Django_blog\py373\lib\site-packages\django\template\base.py", line 563, in compile_filter
    return FilterExpression(token, self)
  File "D:\Django_blog\py373\lib\site-packages\django\template\base.py", line 657, in __init__
    filter_func = parser.find_filter(filter_name)
  File "D:\Django_blog\py373\lib\site-packages\django\template\base.py", line 569, in find_filter
    raise TemplateSyntaxError("Invalid filter: '%s'" % filter_name)
django.template.exceptions.TemplateSyntaxError: Invalid filter: 'time_since_zh'
ERROR 2020-04-27 22:55:19,214 log 11948 10112 Internal Server Error: /article/article-list/
Traceback (most recent call last):
  File "D:\Django_blog\py373\lib\site-packages\django\core\handlers\exception.py", line 34, in inner
    response = get_response(request)
  File "D:\Django_blog\py373\lib\site-packages\django\core\handlers\base.py", line 115, in _get_response
    response = self.process_exception_by_middleware(e, request)
  File "D:\Django_blog\py373\lib\site-packages\django\core\handlers\base.py", line 113, in _get_response
    response = wrapped_callback(request, *callback_args, **callback_kwargs)
  File "D:\Django_blog\my_blog\article\views.py", line 57, in article_list
    return render(request, 'article/list.html', context)
  File "D:\Django_blog\py373\lib\site-packages\django\shortcuts.py", line 36, in render
    content = loader.render_to_string(template_name, context, request, using=using)
  File "D:\Django_blog\py373\lib\site-packages\django\template\loader.py", line 61, in render_to_string
    template = get_template(template_name, using=using)
  File "D:\Django_blog\py373\lib\site-packages\django\template\loader.py", line 15, in get_template
    return engine.get_template(template_name)
  File "D:\Django_blog\py373\lib\site-packages\django\template\backends\django.py", line 34, in get_template
    return Template(self.engine.get_template(template_name), self)
  File "D:\Django_blog\py373\lib\site-packages\django\template\engine.py", line 143, in get_template
    template, origin = self.find_template(template_name)
  File "D:\Django_blog\py373\lib\site-packages\django\template\engine.py", line 125, in find_template
    template = loader.get_template(name, skip=skip)
  File "D:\Django_blog\py373\lib\site-packages\django\template\loaders\base.py", line 30, in get_template
    contents, origin, origin.template_name, self.engine,
  File "D:\Django_blog\py373\lib\site-packages\django\template\base.py", line 156, in __init__
    self.nodelist = self.compile_nodelist()
  File "D:\Django_blog\py373\lib\site-packages\django\template\base.py", line 194, in compile_nodelist
    return parser.parse()
  File "D:\Django_blog\py373\lib\site-packages\django\template\base.py", line 478, in parse
    raise self.error(token, e)
  File "D:\Django_blog\py373\lib\site-packages\django\template\base.py", line 476, in parse
    compiled_result = compile_func(self, token)
  File "D:\Django_blog\py373\lib\site-packages\django\template\loader_tags.py", line 266, in do_extends
    nodelist = parser.parse()
  File "D:\Django_blog\py373\lib\site-packages\django\template\base.py", line 478, in parse
    raise self.error(token, e)
  File "D:\Django_blog\py373\lib\site-packages\django\template\base.py", line 476, in parse
    compiled_result = compile_func(self, token)
  File "D:\Django_blog\py373\lib\site-packages\django\template\loader_tags.py", line 209, in do_block
    nodelist = parser.parse(('endblock',))
  File "D:\Django_blog\py373\lib\site-packages\django\template\base.py", line 478, in parse
    raise self.error(token, e)
  File "D:\Django_blog\py373\lib\site-packages\django\template\base.py", line 476, in parse
    compiled_result = compile_func(self, token)
  File "D:\Django_blog\py373\lib\site-packages\django\template\defaulttags.py", line 811, in do_for
    nodelist_loop = parser.parse(('empty', 'endfor',))
  File "D:\Django_blog\py373\lib\site-packages\django\template\base.py", line 449, in parse
    raise self.error(token, e)
  File "D:\Django_blog\py373\lib\site-packages\django\template\base.py", line 447, in parse
    filter_expression = self.compile_filter(token.contents)
  File "D:\Django_blog\py373\lib\site-packages\django\template\base.py", line 563, in compile_filter
    return FilterExpression(token, self)
  File "D:\Django_blog\py373\lib\site-packages\django\template\base.py", line 657, in __init__
    filter_func = parser.find_filter(filter_name)
  File "D:\Django_blog\py373\lib\site-packages\django\template\base.py", line 569, in find_filter
    raise TemplateSyntaxError("Invalid filter: '%s'" % filter_name)
django.template.exceptions.TemplateSyntaxError: Invalid filter: 'time_since_zh'
